# JRE version: Java(TM) SE Runtime Environment (8.0_66-b18) (build 1.8.0_66-b18)
# Java VM: Java HotSpot(TM) 64-Bit Server VM (25.66-b18 mixed mode windows-amd64 compressed oops)
Heap:
 PSYoungGen      total 83456K, used 68538K [0x00000000f5580000, 0x00000000fa800000, 0x0000000100000000)
  eden space 82432K, 83% used [0x00000000f5580000,0x00000000f986e910,0x00000000fa600000)
  from space 1024K, 0% used [0x00000000fa600000,0x00000000fa600000,0x00000000fa700000)
  to   space 1024K, 0% used [0x00000000fa700000,0x00000000fa700000,0x00000000fa800000)
 ParOldGen       total 125440K, used 50188K [0x00000000e0000000, 0x00000000e7a80000, 0x00000000f5580000)
  object space 125440K, 40% used [0x00000000e0000000,0x00000000e3103028,0x00000000e7a80000)
 Metaspace       used 87830K, capacity 94614K, committed 94888K, reserved 1130496K
  class space    used 10682K, capacity 12885K, committed 12976K, reserved 1048576K
GC Heap History (10 events):
Event: 7163.423 GC heap before
{Heap before GC invocations=233 (full 112):
 PSYoungGen      total 83456K, used 1022K [0x00000000f5580000, 0x00000000fa800000, 0x0000000100000000)
  eden space 82432K, 0% used [0x00000000f5580000,0x00000000f5580000,0x00000000fa600000)
  from space 1024K, 99% used [0x00000000fa600000,0x00000000fa6ffb10,0x00000000fa700000)
  to   space 1024K, 0% used [0x00000000fa700000,0x00000000fa700000,0x00000000fa800000)
 ParOldGen       total 125440K, used 49537K [0x00000000e0000000, 0x00000000e7a80000, 0x00000000f5580000)
  object space 125440K, 39% used [0x00000000e0000000,0x00000000e30605a8,0x00000000e7a80000)
 Metaspace       used 86336K, capacity 93308K, committed 93608K, reserved 1130496K
  class space    used 10505K, capacity 12625K, committed 12720K, reserved 1048576K
Event: 7163.543 GC heap after
Heap after GC invocations=233 (full 112):
 PSYoungGen      total 83456K, used 0K [0x00000000f5580000, 0x00000000fa800000, 0x0000000100000000)
  eden space 82432K, 0% used [0x00000000f5580000,0x00000000f5580000,0x00000000fa600000)
  from space 1024K, 0% used [0x00000000fa600000,0x00000000fa600000,0x00000000fa700000)
  to   space 1024K, 0% used [0x00000000fa700000,0x00000000fa700000,0x00000000fa800000)
 ParOldGen       total 125440K, used 50072K [0x00000000e0000000, 0x00000000e7a80000, 0x00000000f5580000)
  object space 125440K, 39% used [0x00000000e0000000,0x00000000e30e6090,0x00000000e7a80000)
 Metaspace       used 86336K, capacity 93308K, committed 93608K, reserved 1130496K
  class space    used 10505K, capacity 12625K, committed 12720K, reserved 1048576K
}
Event: 7223.421 GC heap before
{Heap before GC invocations=234 (full 112):
 PSYoungGen      total 83456K, used 2390K [0x00000000f5580000, 0x00000000fa800000, 0x0000000100000000)
  eden space 82432K, 2% used [0x00000000f5580000,0x00000000f57d58d0,0x00000000fa600000)
  from space 1024K, 0% used [0x00000000fa600000,0x00000000fa600000,0x00000000fa700000)
  to   space 1024K, 0% used [0x00000000fa700000,0x00000000fa700000,0x00000000fa800000)
 ParOldGen       total 125440K, used 50072K [0x00000000e0000000, 0x00000000e7a80000, 0x00000000f5580000)
  object space 125440K, 39% used [0x00000000e0000000,0x00000000e30e6090,0x00000000e7a80000)
 Metaspace       used 86341K, capacity 93308K, committed 93608K, reserved 1130496K
  class space    used 10505K, capacity 12625K, committed 12720K, reserved 1048576K
Event: 7223.427 GC heap after
Heap after GC invocations=234 (full 112):
 PSYoungGen      total 83456K, used 256K [0x00000000f5580000, 0x00000000fa800000, 0x0000000100000000)
  eden space 82432K, 0% used [0x00000000f5580000,0x00000000f5580000,0x00000000fa600000)
  from space 1024K, 25% used [0x00000000fa700000,0x00000000fa740000,0x00000000fa800000)
  to   space 1024K, 0% used [0x00000000fa600000,0x00000000fa600000,0x00000000fa700000)
 ParOldGen       total 125440K, used 50072K [0x00000000e0000000, 0x00000000e7a80000, 0x00000000f5580000)
  object space 125440K, 39% used [0x00000000e0000000,0x00000000e30e6090,0x00000000e7a80000)
 Metaspace       used 86341K, capacity 93308K, committed 93608K, reserved 1130496K
  class space    used 10505K, capacity 12625K, committed 12720K, reserved 1048576K
}
Event: 7223.427 GC heap before
{Heap before GC invocations=235 (full 113):
 PSYoungGen      total 83456K, used 256K [0x00000000f5580000, 0x00000000fa800000, 0x0000000100000000)
  eden space 82432K, 0% used [0x00000000f5580000,0x00000000f5580000,0x00000000fa600000)
  from space 1024K, 25% used [0x00000000fa700000,0x00000000fa740000,0x00000000fa800000)
  to   space 1024K, 0% used [0x00000000fa600000,0x00000000fa600000,0x00000000fa700000)
 ParOldGen       total 125440K, used 50072K [0x00000000e0000000, 0x00000000e7a80000, 0x00000000f5580000)
  object space 125440K, 39% used [0x00000000e0000000,0x00000000e30e6090,0x00000000e7a80000)
 Metaspace       used 86341K, capacity 93308K, committed 93608K, reserved 1130496K
  class space    used 10505K, capacity 12625K, committed 12720K, reserved 1048576K
Event: 7223.546 GC heap after
Heap after GC invocations=235 (full 113):
 PSYoungGen      total 83456K, used 0K [0x00000000f5580000, 0x00000000fa800000, 0x0000000100000000)
  eden space 82432K, 0% used [0x00000000f5580000,0x00000000f5580000,0x00000000fa600000)
  from space 1024K, 0% used [0x00000000fa700000,0x00000000fa700000,0x00000000fa800000)
  to   space 1024K, 0% used [0x00000000fa600000,0x00000000fa600000,0x00000000fa700000)
 ParOldGen       total 125440K, used 49999K [0x00000000e0000000, 0x00000000e7a80000, 0x00000000f5580000)
  object space 125440K, 39% used [0x00000000e0000000,0x00000000e30d3de0,0x00000000e7a80000)
 Metaspace       used 86341K, capacity 93308K, committed 93608K, reserved 1130496K
  class space    used 10505K, capacity 12625K, committed 12720K, reserved 1048576K
}
Event: 7283.422 GC heap before
{Heap before GC invocations=236 (full 113):
 PSYoungGen      total 83456K, used 7205K [0x00000000f5580000, 0x00000000fa800000, 0x0000000100000000)
  eden space 82432K, 8% used [0x00000000f5580000,0x00000000f5c894b0,0x00000000fa600000)
  from space 1024K, 0% used [0x00000000fa700000,0x00000000fa700000,0x00000000fa800000)
  to   space 1024K, 0% used [0x00000000fa600000,0x00000000fa600000,0x00000000fa700000)
 ParOldGen       total 125440K, used 49999K [0x00000000e0000000, 0x00000000e7a80000, 0x00000000f5580000)
  object space 125440K, 39% used [0x00000000e0000000,0x00000000e30d3de0,0x00000000e7a80000)
 Metaspace       used 86343K, capacity 93308K, committed 93608K, reserved 1130496K
  class space    used 10505K, capacity 12625K, committed 12720K, reserved 1048576K
Event: 7283.426 GC heap after
Heap after GC invocations=236 (full 113):
 PSYoungGen      total 83456K, used 608K [0x00000000f5580000, 0x00000000fa800000, 0x0000000100000000)
  eden space 82432K, 0% used [0x00000000f5580000,0x00000000f5580000,0x00000000fa600000)
  from space 1024K, 59% used [0x00000000fa600000,0x00000000fa698000,0x00000000fa700000)
  to   space 1024K, 0% used [0x00000000fa700000,0x00000000fa700000,0x00000000fa800000)
 ParOldGen       total 125440K, used 49999K [0x00000000e0000000, 0x00000000e7a80000, 0x00000000f5580000)
  object space 125440K, 39% used [0x00000000e0000000,0x00000000e30d3de0,0x00000000e7a80000)
 Metaspace       used 86343K, capacity 93308K, committed 93608K, reserved 1130496K
  class space    used 10505K, capacity 12625K, committed 12720K, reserved 1048576K
}
Event: 7283.426 GC heap before
{Heap before GC invocations=237 (full 114):
 PSYoungGen      total 83456K, used 608K [0x00000000f5580000, 0x00000000fa800000, 0x0000000100000000)
  eden space 82432K, 0% used [0x00000000f5580000,0x00000000f5580000,0x00000000fa600000)
  from space 1024K, 59% used [0x00000000fa600000,0x00000000fa698000,0x00000000fa700000)
  to   space 1024K, 0% used [0x00000000fa700000,0x00000000fa700000,0x00000000fa800000)
 ParOldGen       total 125440K, used 49999K [0x00000000e0000000, 0x00000000e7a80000, 0x00000000f5580000)
  object space 125440K, 39% used [0x00000000e0000000,0x00000000e30d3de0,0x00000000e7a80000)
 Metaspace       used 86343K, capacity 93308K, committed 93608K, reserved 1130496K
  class space    used 10505K, capacity 12625K, committed 12720K, reserved 1048576K
Event: 7283.516 GC heap after
Heap after GC invocations=237 (full 114):
 PSYoungGen      total 83456K, used 0K [0x00000000f5580000, 0x00000000fa800000, 0x0000000100000000)
  eden space 82432K, 0% used [0x00000000f5580000,0x00000000f5580000,0x00000000fa600000)
  from space 1024K, 0% used [0x00000000fa600000,0x00000000fa600000,0x00000000fa700000)
  to   space 1024K, 0% used [0x00000000fa700000,0x00000000fa700000,0x00000000fa800000)
 ParOldGen       total 125440K, used 50188K [0x00000000e0000000, 0x00000000e7a80000, 0x00000000f5580000)
  object space 125440K, 40% used [0x00000000e0000000,0x00000000e3103028,0x00000000e7a80000)
 Metaspace       used 86343K, capacity 93308K, committed 93608K, reserved 1130496K
  class space    used 10505K, capacity 12625K, committed 12720K, reserved 1048576K
}

