# JRE version: Java(TM) SE Runtime Environment (8.0_66-b18) (build 1.8.0_66-b18)
# Java VM: Java HotSpot(TM) 64-Bit Server VM (25.66-b18 mixed mode windows-amd64 compressed oops)
Heap:
 PSYoungGen      total 98816K, used 81589K [0x00000000f5580000, 0x00000000fcc00000, 0x0000000100000000)
  eden space 77824K, 96% used [0x00000000f5580000,0x00000000f9e8e9f8,0x00000000fa180000)
  from space 20992K, 32% used [0x00000000fb500000,0x00000000fbb9ed68,0x00000000fc980000)
  to   space 19968K, 0% used [0x00000000fa180000,0x00000000fa180000,0x00000000fb500000)
 ParOldGen       total 121856K, used 51328K [0x00000000e0000000, 0x00000000e7700000, 0x00000000f5580000)
  object space 121856K, 42% used [0x00000000e0000000,0x00000000e3220340,0x00000000e7700000)
 Metaspace       used 90801K, capacity 98080K, committed 98328K, reserved 1134592K
  class space    used 11191K, capacity 13550K, committed 13616K, reserved 1048576K
GC Heap History (10 events):
Event: 673.344 GC heap before
{Heap before GC invocations=37 (full 13):
 PSYoungGen      total 84992K, used 19587K [0x00000000f5580000, 0x00000000fcb80000, 0x0000000100000000)
  eden space 76800K, 25% used [0x00000000f5580000,0x00000000f68a0e58,0x00000000fa080000)
  from space 8192K, 0% used [0x00000000fa080000,0x00000000fa080000,0x00000000fa880000)
  to   space 22016K, 0% used [0x00000000fb600000,0x00000000fb600000,0x00000000fcb80000)
 ParOldGen       total 121856K, used 51340K [0x00000000e0000000, 0x00000000e7700000, 0x00000000f5580000)
  object space 121856K, 42% used [0x00000000e0000000,0x00000000e3223198,0x00000000e7700000)
 Metaspace       used 85842K, capacity 93008K, committed 93336K, reserved 1130496K
  class space    used 10465K, capacity 12600K, committed 12720K, reserved 1048576K
Event: 673.348 GC heap after
Heap after GC invocations=37 (full 13):
 PSYoungGen      total 97792K, used 913K [0x00000000f5580000, 0x00000000fca80000, 0x0000000100000000)
  eden space 76800K, 0% used [0x00000000f5580000,0x00000000f5580000,0x00000000fa080000)
  from space 20992K, 4% used [0x00000000fb600000,0x00000000fb6e46b0,0x00000000fca80000)
  to   space 21504K, 0% used [0x00000000fa080000,0x00000000fa080000,0x00000000fb580000)
 ParOldGen       total 121856K, used 51348K [0x00000000e0000000, 0x00000000e7700000, 0x00000000f5580000)
  object space 121856K, 42% used [0x00000000e0000000,0x00000000e3225198,0x00000000e7700000)
 Metaspace       used 85842K, capacity 93008K, committed 93336K, reserved 1130496K
  class space    used 10465K, capacity 12600K, committed 12720K, reserved 1048576K
}
Event: 673.348 GC heap before
{Heap before GC invocations=38 (full 14):
 PSYoungGen      total 97792K, used 913K [0x00000000f5580000, 0x00000000fca80000, 0x0000000100000000)
  eden space 76800K, 0% used [0x00000000f5580000,0x00000000f5580000,0x00000000fa080000)
  from space 20992K, 4% used [0x00000000fb600000,0x00000000fb6e46b0,0x00000000fca80000)
  to   space 21504K, 0% used [0x00000000fa080000,0x00000000fa080000,0x00000000fb580000)
 ParOldGen       total 121856K, used 51348K [0x00000000e0000000, 0x00000000e7700000, 0x00000000f5580000)
  object space 121856K, 42% used [0x00000000e0000000,0x00000000e3225198,0x00000000e7700000)
 Metaspace       used 85842K, capacity 93008K, committed 93336K, reserved 1130496K
  class space    used 10465K, capacity 12600K, committed 12720K, reserved 1048576K
Event: 673.765 GC heap after
Heap after GC invocations=38 (full 14):
 PSYoungGen      total 97792K, used 0K [0x00000000f5580000, 0x00000000fca80000, 0x0000000100000000)
  eden space 76800K, 0% used [0x00000000f5580000,0x00000000f5580000,0x00000000fa080000)
  from space 20992K, 0% used [0x00000000fb600000,0x00000000fb600000,0x00000000fca80000)
  to   space 21504K, 0% used [0x00000000fa080000,0x00000000fa080000,0x00000000fb580000)
 ParOldGen       total 121856K, used 51261K [0x00000000e0000000, 0x00000000e7700000, 0x00000000f5580000)
  object space 121856K, 42% used [0x00000000e0000000,0x00000000e320f438,0x00000000e7700000)
 Metaspace       used 85842K, capacity 93008K, committed 93336K, reserved 1130496K
  class space    used 10465K, capacity 12600K, committed 12720K, reserved 1048576K
}
Event: 733.351 GC heap before
{Heap before GC invocations=39 (full 14):
 PSYoungGen      total 97792K, used 17818K [0x00000000f5580000, 0x00000000fca80000, 0x0000000100000000)
  eden space 76800K, 23% used [0x00000000f5580000,0x00000000f66e6bc8,0x00000000fa080000)
  from space 20992K, 0% used [0x00000000fb600000,0x00000000fb600000,0x00000000fca80000)
  to   space 21504K, 0% used [0x00000000fa080000,0x00000000fa080000,0x00000000fb580000)
 ParOldGen       total 121856K, used 51261K [0x00000000e0000000, 0x00000000e7700000, 0x00000000f5580000)
  object space 121856K, 42% used [0x00000000e0000000,0x00000000e320f438,0x00000000e7700000)
 Metaspace       used 85991K, capacity 93110K, committed 93336K, reserved 1130496K
  class space    used 10490K, capacity 12633K, committed 12720K, reserved 1048576K
Event: 733.358 GC heap after
Heap after GC invocations=39 (full 14):
 PSYoungGen      total 77824K, used 704K [0x00000000f5580000, 0x00000000fc980000, 0x0000000100000000)
  eden space 76800K, 0% used [0x00000000f5580000,0x00000000f5580000,0x00000000fa080000)
  from space 1024K, 68% used [0x00000000fa080000,0x00000000fa130000,0x00000000fa180000)
  to   space 20992K, 0% used [0x00000000fb500000,0x00000000fb500000,0x00000000fc980000)
 ParOldGen       total 121856K, used 51261K [0x00000000e0000000, 0x00000000e7700000, 0x00000000f5580000)
  object space 121856K, 42% used [0x00000000e0000000,0x00000000e320f438,0x00000000e7700000)
 Metaspace       used 85991K, capacity 93110K, committed 93336K, reserved 1130496K
  class space    used 10490K, capacity 12633K, committed 12720K, reserved 1048576K
}
Event: 733.358 GC heap before
{Heap before GC invocations=40 (full 15):
 PSYoungGen      total 77824K, used 704K [0x00000000f5580000, 0x00000000fc980000, 0x0000000100000000)
  eden space 76800K, 0% used [0x00000000f5580000,0x00000000f5580000,0x00000000fa080000)
  from space 1024K, 68% used [0x00000000fa080000,0x00000000fa130000,0x00000000fa180000)
  to   space 20992K, 0% used [0x00000000fb500000,0x00000000fb500000,0x00000000fc980000)
 ParOldGen       total 121856K, used 51261K [0x00000000e0000000, 0x00000000e7700000, 0x00000000f5580000)
  object space 121856K, 42% used [0x00000000e0000000,0x00000000e320f438,0x00000000e7700000)
 Metaspace       used 85991K, capacity 93110K, committed 93336K, reserved 1130496K
  class space    used 10490K, capacity 12633K, committed 12720K, reserved 1048576K
Event: 733.638 GC heap after
Heap after GC invocations=40 (full 15):
 PSYoungGen      total 77824K, used 0K [0x00000000f5580000, 0x00000000fc980000, 0x0000000100000000)
  eden space 76800K, 0% used [0x00000000f5580000,0x00000000f5580000,0x00000000fa080000)
  from space 1024K, 0% used [0x00000000fa080000,0x00000000fa080000,0x00000000fa180000)
  to   space 20992K, 0% used [0x00000000fb500000,0x00000000fb500000,0x00000000fc980000)
 ParOldGen       total 121856K, used 51320K [0x00000000e0000000, 0x00000000e7700000, 0x00000000f5580000)
  object space 121856K, 42% used [0x00000000e0000000,0x00000000e321e340,0x00000000e7700000)
 Metaspace       used 85991K, capacity 93110K, committed 93336K, reserved 1130496K
  class space    used 10490K, capacity 12633K, committed 12720K, reserved 1048576K
}
Event: 818.583 GC heap before
{Heap before GC invocations=41 (full 15):
 PSYoungGen      total 77824K, used 76800K [0x00000000f5580000, 0x00000000fc980000, 0x0000000100000000)
  eden space 76800K, 100% used [0x00000000f5580000,0x00000000fa080000,0x00000000fa080000)
  from space 1024K, 0% used [0x00000000fa080000,0x00000000fa080000,0x00000000fa180000)
  to   space 20992K, 0% used [0x00000000fb500000,0x00000000fb500000,0x00000000fc980000)
 ParOldGen       total 121856K, used 51320K [0x00000000e0000000, 0x00000000e7700000, 0x00000000f5580000)
  object space 121856K, 42% used [0x00000000e0000000,0x00000000e321e340,0x00000000e7700000)
 Metaspace       used 89409K, capacity 96544K, committed 96792K, reserved 1132544K
  class space    used 11045K, capacity 13284K, committed 13360K, reserved 1048576K
Event: 818.597 GC heap after
Heap after GC invocations=41 (full 15):
 PSYoungGen      total 98816K, used 6779K [0x00000000f5580000, 0x00000000fcc00000, 0x0000000100000000)
  eden space 77824K, 0% used [0x00000000f5580000,0x00000000f5580000,0x00000000fa180000)
  from space 20992K, 32% used [0x00000000fb500000,0x00000000fbb9ed68,0x00000000fc980000)
  to   space 19968K, 0% used [0x00000000fa180000,0x00000000fa180000,0x00000000fb500000)
 ParOldGen       total 121856K, used 51328K [0x00000000e0000000, 0x00000000e7700000, 0x00000000f5580000)
  object space 121856K, 42% used [0x00000000e0000000,0x00000000e3220340,0x00000000e7700000)
 Metaspace       used 89409K, capacity 96544K, committed 96792K, reserved 1132544K
  class space    used 11045K, capacity 13284K, committed 13360K, reserved 1048576K
}

